<?xml version="1.0" encoding="UTF-8"?>
<testng-results ignored="8" total="12" passed="4" failed="0" skipped="0">
  <reporter-output>
  </reporter-output>
  <suite started-at="2023-03-20T03:02:04Z" name="Suite" finished-at="2023-03-20T03:02:14Z" duration-ms="10140">
    <groups>
      <group name="Critical">
        <method signature="ExpenseCategoryTestCases.verifyExpenseCategoryPageIsLoaded()[pri:1, instance:testCases.ExpenseCategoryTestCases@6a03bcb1]" name="verifyExpenseCategoryPageIsLoaded" class="testCases.ExpenseCategoryTestCases"/>
        <method signature="LoginTestCases.verifyLoginForInValidUser()[pri:0, instance:testCases.LoginTestCases@610f7aa]" name="verifyLoginForInValidUser" class="testCases.LoginTestCases"/>
        <method signature="LoginTestCases.verifyLoginForValidUser()[pri:1, instance:testCases.LoginTestCases@610f7aa]" name="verifyLoginForValidUser" class="testCases.LoginTestCases"/>
        <method signature="LoginTestCases.verifySignInButtonColor()[pri:0, instance:testCases.LoginTestCases@610f7aa]" name="verifySignInButtonColor" class="testCases.LoginTestCases"/>
      </group> <!-- Critical -->
    </groups>
    <test started-at="2023-03-20T03:02:04Z" name="Chrometest" finished-at="2023-03-20T03:02:14Z" duration-ms="10140">
      <class name="testCases.ExpenseCategoryTestCases">
        <test-method is-config="true" signature="launchBrowser()[pri:0, instance:testCases.ExpenseCategoryTestCases@6a03bcb1]" started-at="2023-03-20T03:02:12Z" name="launchBrowser" finished-at="2023-03-20T03:02:13Z" duration-ms="1504" status="PASS">
          <reporter-output>
          </reporter-output>
        </test-method> <!-- launchBrowser -->
        <test-method signature="verifyExpenseCategoryPageIsLoaded()[pri:1, instance:testCases.ExpenseCategoryTestCases@6a03bcb1]" started-at="2023-03-20T03:02:13Z" name="verifyExpenseCategoryPageIsLoaded" finished-at="2023-03-20T03:02:14Z" duration-ms="898" status="PASS">
          <reporter-output>
          </reporter-output>
        </test-method> <!-- verifyExpenseCategoryPageIsLoaded -->
        <test-method is-config="true" signature="afterMethod(org.testng.ITestResult)[pri:0, instance:testCases.ExpenseCategoryTestCases@6a03bcb1]" started-at="2023-03-20T03:02:14Z" name="afterMethod" finished-at="2023-03-20T03:02:14Z" duration-ms="67" status="PASS">
          <params>
            <param index="0">
              <value>
                <![CDATA[[TestResult name=verifyExpenseCategoryPageIsLoaded status=SUCCESS method=ExpenseCategoryTestCases.verifyExpenseCategoryPageIsLoaded()[pri:1, instance:testCases.ExpenseCategoryTestCases@6a03bcb1] output={null}]]]>
              </value>
            </param>
          </params>
          <reporter-output>
          </reporter-output>
        </test-method> <!-- afterMethod -->
      </class> <!-- testCases.ExpenseCategoryTestCases -->
      <class name="testCases.LoginTestCases">
        <test-method is-config="true" signature="launchBrowser()[pri:0, instance:testCases.LoginTestCases@610f7aa]" started-at="2023-03-20T03:02:04Z" name="launchBrowser" finished-at="2023-03-20T03:02:07Z" duration-ms="2791" status="PASS">
          <reporter-output>
          </reporter-output>
        </test-method> <!-- launchBrowser -->
        <test-method signature="verifyLoginForInValidUser()[pri:0, instance:testCases.LoginTestCases@610f7aa]" started-at="2023-03-20T03:02:07Z" name="verifyLoginForInValidUser" finished-at="2023-03-20T03:02:08Z" duration-ms="985" status="PASS">
          <reporter-output>
          </reporter-output>
        </test-method> <!-- verifyLoginForInValidUser -->
        <test-method is-config="true" signature="afterMethod(org.testng.ITestResult)[pri:0, instance:testCases.LoginTestCases@610f7aa]" started-at="2023-03-20T03:02:08Z" name="afterMethod" finished-at="2023-03-20T03:02:08Z" duration-ms="84" status="PASS">
          <params>
            <param index="0">
              <value>
                <![CDATA[[TestResult name=verifyLoginForInValidUser status=SUCCESS method=LoginTestCases.verifyLoginForInValidUser()[pri:0, instance:testCases.LoginTestCases@610f7aa] output={null}]]]>
              </value>
            </param>
          </params>
          <reporter-output>
          </reporter-output>
        </test-method> <!-- afterMethod -->
        <test-method is-config="true" signature="launchBrowser()[pri:0, instance:testCases.LoginTestCases@610f7aa]" started-at="2023-03-20T03:02:08Z" name="launchBrowser" finished-at="2023-03-20T03:02:09Z" duration-ms="1652" status="PASS">
          <reporter-output>
          </reporter-output>
        </test-method> <!-- launchBrowser -->
        <test-method signature="verifySignInButtonColor()[pri:0, instance:testCases.LoginTestCases@610f7aa]" started-at="2023-03-20T03:02:09Z" name="verifySignInButtonColor" finished-at="2023-03-20T03:02:09Z" duration-ms="37" status="PASS">
          <reporter-output>
          </reporter-output>
        </test-method> <!-- verifySignInButtonColor -->
        <test-method is-config="true" signature="afterMethod(org.testng.ITestResult)[pri:0, instance:testCases.LoginTestCases@610f7aa]" started-at="2023-03-20T03:02:09Z" name="afterMethod" finished-at="2023-03-20T03:02:10Z" duration-ms="97" status="PASS">
          <params>
            <param index="0">
              <value>
                <![CDATA[[TestResult name=verifySignInButtonColor status=SUCCESS method=LoginTestCases.verifySignInButtonColor()[pri:0, instance:testCases.LoginTestCases@610f7aa] output={null}]]]>
              </value>
            </param>
          </params>
          <reporter-output>
          </reporter-output>
        </test-method> <!-- afterMethod -->
        <test-method is-config="true" signature="launchBrowser()[pri:0, instance:testCases.LoginTestCases@610f7aa]" started-at="2023-03-20T03:02:10Z" name="launchBrowser" finished-at="2023-03-20T03:02:11Z" duration-ms="1405" status="PASS">
          <reporter-output>
          </reporter-output>
        </test-method> <!-- launchBrowser -->
        <test-method signature="verifyLoginForValidUser()[pri:1, instance:testCases.LoginTestCases@610f7aa]" started-at="2023-03-20T03:02:11Z" name="verifyLoginForValidUser" finished-at="2023-03-20T03:02:11Z" duration-ms="482" status="PASS">
          <reporter-output>
          </reporter-output>
        </test-method> <!-- verifyLoginForValidUser -->
        <test-method is-config="true" signature="afterMethod(org.testng.ITestResult)[pri:0, instance:testCases.LoginTestCases@610f7aa]" started-at="2023-03-20T03:02:11Z" name="afterMethod" finished-at="2023-03-20T03:02:12Z" duration-ms="120" status="PASS">
          <params>
            <param index="0">
              <value>
                <![CDATA[[TestResult name=verifyLoginForValidUser status=SUCCESS method=LoginTestCases.verifyLoginForValidUser()[pri:1, instance:testCases.LoginTestCases@610f7aa] output={null}]]]>
              </value>
            </param>
          </params>
          <reporter-output>
          </reporter-output>
        </test-method> <!-- afterMethod -->
      </class> <!-- testCases.LoginTestCases -->
    </test> <!-- Chrometest -->
  </suite> <!-- Suite -->
</testng-results>
